
sval2013.csv UKB accuracy
strategy	precision	recall	accuracy	accuracy_non_mfs	bin_acc	TP_rate	TN_rate	TP	FP	TN	FN
system	0.676	0.676	0.676	0.25	0.728	0.928	0.178	960.0	372.0	237.0	75.0
n	0.662	0.662	0.662	0.366	0.757	0.837	0.346	866.0	230.0	379.0	169.0
p	0.669	0.669	0.669	0.153	0.704	0.973	0.103	1007.0	458.0	151.0	28.0
np	0.655	0.655	0.655	0.269	0.734	0.882	0.238	913.0	316.0	293.0	122.0
best setting and result based on accuracy:
 idf-jex-pos-MFS_confidence_UKB-SuperSense_for_MFS-ratio_WND 
 0.677666922487
n
number correct: 71
num_instances: 236
perc correct: 0.300847457627

sval2013.csv IMS accuracy
strategy	precision	recall	accuracy	accuracy_non_mfs	bin_acc	TP_rate	TN_rate	TP	FP	TN	FN
system	0.631	0.631	0.631	0.212	0.714	0.878	0.211	909.0	344.0	265.0	126.0
n	0.631	0.631	0.631	0.284	0.737	0.836	0.308	865.0	262.0	347.0	170.0
p	0.644	0.644	0.644	0.08	0.681	0.975	0.074	1009.0	498.0	111.0	26.0
np	0.644	0.644	0.644	0.153	0.704	0.932	0.14	965.0	416.0	193.0	70.0
best setting and result based on accuracy:
 MFS_confidence_IMS-Entropy_sense_ranking_IMS-idf-WND_for_MFS-ratio_WND 
 0.626247122026
n
number correct: 44
num_instances: 126
perc correct: 0.349206349206

sval2015.csv UKB accuracy
strategy	precision	recall	accuracy	accuracy_non_mfs	bin_acc	TP_rate	TN_rate	TP	FP	TN	FN
system	0.688	0.577	0.646	0.192	0.714	0.913	0.182	611.0	250.0	157.0	58.0
n	0.692	0.58	0.653	0.27	0.75	0.868	0.297	581.0	181.0	226.0	88.0
p	0.678	0.568	0.635	0.115	0.696	0.946	0.126	633.0	291.0	116.0	36.0
np	0.682	0.571	0.642	0.194	0.732	0.901	0.224	603.0	222.0	185.0	66.0
best setting and result based on accuracy:
 jex-MFS_confidence_UKB-Entropy_sense_ranking_UKB-SuperSense_for_MFS-ratio_WND 
 0.71714922049
v
number correct: 11
num_instances: 40
perc correct: 0.275

n
number correct: 27
num_instances: 59
perc correct: 0.457627118644

sval2015.csv IMS accuracy
strategy	precision	recall	accuracy	accuracy_non_mfs	bin_acc	TP_rate	TN_rate	TP	FP	TN	FN
system	0.675	0.568	0.639	0.187	0.714	0.885	0.214	592.0	231.0	176.0	77.0
n	0.649	0.546	0.616	0.219	0.717	0.824	0.3	551.0	186.0	221.0	118.0
p	0.684	0.573	0.641	0.093	0.689	0.967	0.098	647.0	313.0	94.0	22.0
np	0.657	0.55	0.618	0.125	0.692	0.906	0.159	606.0	268.0	139.0	63.0
best setting and result based on accuracy:
 MFS_confidence_IMS-Entropy_sense_ranking_IMS-idf-SuperSense_for_MFS-ratio_WND 
 0.665924276169
a
number correct: 0
num_instances: 7
perc correct: 0.0

v
number correct: 7
num_instances: 31
perc correct: 0.225806451613

n
number correct: 9
num_instances: 49
perc correct: 0.183673469388
