23117 brown1/br-a01.naf.ims
21892 brown1/br-a02.naf.ims
22929 brown1/br-a11.naf.ims
25576 brown1/br-a12.naf.ims
23446 brown1/br-a13.naf.ims
22691 brown1/br-a14.naf.ims
24089 brown1/br-a15.naf.ims
24256 brown1/br-b13.naf.ims
23909 brown1/br-b20.naf.ims
24583 brown1/br-c01.naf.ims
23877 brown1/br-c02.naf.ims
23402 brown1/br-c04.naf.ims
24231 brown1/br-d01.naf.ims
24525 brown1/br-d02.naf.ims
23877 brown1/br-d03.naf.ims
24029 brown1/br-d04.naf.ims
24771 brown1/br-e01.naf.ims
25151 brown1/br-e02.naf.ims
24567 brown1/br-e04.naf.ims
25110 brown1/br-e21.naf.ims
25408 brown1/br-e24.naf.ims
22731 brown1/br-e29.naf.ims
23547 brown1/br-f03.naf.ims
22999 brown1/br-f10.naf.ims
24297 brown1/br-f19.naf.ims
24363 brown1/br-f43.naf.ims
24510 brown1/br-g01.naf.ims
23655 brown1/br-g11.naf.ims
24089 brown1/br-g15.naf.ims
22960 brown1/br-h01.naf.ims
22561 brown1/br-j01.naf.ims
23680 brown1/br-j02.naf.ims
24012 brown1/br-j03.naf.ims
24489 brown1/br-j04.naf.ims
25632 brown1/br-j05.naf.ims
23188 brown1/br-j06.naf.ims
24453 brown1/br-j07.naf.ims
24521 brown1/br-j08.naf.ims
24110 brown1/br-j09.naf.ims
23479 brown1/br-j10.naf.ims
23666 brown1/br-j11.naf.ims
23233 brown1/br-j12.naf.ims
24531 brown1/br-j13.naf.ims
23182 brown1/br-j14.naf.ims
24075 brown1/br-j15.naf.ims
22797 brown1/br-j16.naf.ims
23575 brown1/br-j17.naf.ims
22953 brown1/br-j18.naf.ims
22974 brown1/br-j19.naf.ims
24279 brown1/br-j20.naf.ims
24013 brown1/br-j22.naf.ims
23981 brown1/br-j23.naf.ims
23603 brown1/br-j37.naf.ims
25403 brown1/br-j52.naf.ims
23647 brown1/br-j53.naf.ims
24443 brown1/br-j54.naf.ims
24216 brown1/br-j55.naf.ims
21184 brown1/br-j56.naf.ims
23801 brown1/br-j57.naf.ims
22765 brown1/br-j58.naf.ims
23191 brown1/br-j59.naf.ims
24148 brown1/br-j60.naf.ims
24550 brown1/br-j70.naf.ims
25329 brown1/br-k01.naf.ims
25289 brown1/br-k02.naf.ims
24032 brown1/br-k03.naf.ims
24127 brown1/br-k04.naf.ims
24915 brown1/br-k05.naf.ims
24651 brown1/br-k06.naf.ims
24227 brown1/br-k07.naf.ims
24037 brown1/br-k08.naf.ims
24294 brown1/br-k09.naf.ims
24726 brown1/br-k10.naf.ims
24299 brown1/br-k11.naf.ims
24888 brown1/br-k12.naf.ims
24045 brown1/br-k13.naf.ims
25303 brown1/br-k14.naf.ims
24832 brown1/br-k15.naf.ims
23478 brown1/br-k16.naf.ims
23885 brown1/br-k17.naf.ims
25591 brown1/br-k18.naf.ims
24899 brown1/br-k19.naf.ims
24085 brown1/br-k20.naf.ims
25762 brown1/br-k21.naf.ims
24922 brown1/br-k22.naf.ims
25244 brown1/br-k23.naf.ims
27166 brown1/br-k24.naf.ims
23446 brown1/br-k25.naf.ims
24799 brown1/br-k26.naf.ims
24216 brown1/br-k27.naf.ims
25700 brown1/br-k28.naf.ims
23742 brown1/br-k29.naf.ims
25098 brown1/br-l11.naf.ims
24870 brown1/br-l12.naf.ims
24439 brown1/br-m01.naf.ims
23921 brown1/br-m02.naf.ims
26200 brown1/br-n05.naf.ims
24728 brown1/br-p01.naf.ims
25487 brown1/br-r05.naf.ims
23883 brown1/br-r06.naf.ims
25557 brown1/br-r07.naf.ims
22643 brown1/br-r08.naf.ims
22625 brown1/br-r09.naf.ims
23630 brown2/br-e22.naf.ims
24078 brown2/br-e23.naf.ims
23940 brown2/br-e25.naf.ims
23456 brown2/br-e26.naf.ims
21165 brown2/br-e27.naf.ims
25007 brown2/br-e28.naf.ims
25632 brown2/br-e30.naf.ims
23858 brown2/br-e31.naf.ims
24082 brown2/br-f08.naf.ims
25106 brown2/br-f13.naf.ims
23270 brown2/br-f14.naf.ims
22773 brown2/br-f15.naf.ims
24355 brown2/br-f16.naf.ims
21772 brown2/br-f17.naf.ims
23262 brown2/br-f18.naf.ims
23207 brown2/br-f20.naf.ims
24025 brown2/br-f21.naf.ims
24763 brown2/br-f22.naf.ims
24491 brown2/br-f23.naf.ims
23996 brown2/br-f24.naf.ims
23607 brown2/br-f25.naf.ims
23601 brown2/br-f33.naf.ims
24132 brown2/br-f44.naf.ims
25313 brown2/br-g12.naf.ims
25061 brown2/br-g14.naf.ims
24351 brown2/br-g16.naf.ims
24270 brown2/br-g17.naf.ims
22985 brown2/br-g18.naf.ims
22599 brown2/br-g19.naf.ims
25038 brown2/br-g20.naf.ims
22351 brown2/br-g21.naf.ims
24307 brown2/br-g22.naf.ims
24164 brown2/br-g23.naf.ims
23285 brown2/br-g28.naf.ims
22818 brown2/br-g31.naf.ims
23630 brown2/br-g39.naf.ims
23667 brown2/br-g43.naf.ims
23155 brown2/br-g44.naf.ims
22887 brown2/br-h09.naf.ims
23683 brown2/br-h11.naf.ims
23554 brown2/br-h12.naf.ims
24427 brown2/br-h13.naf.ims
22624 brown2/br-h14.naf.ims
25998 brown2/br-h15.naf.ims
22739 brown2/br-h16.naf.ims
23970 brown2/br-h17.naf.ims
23752 brown2/br-h18.naf.ims
24428 brown2/br-h21.naf.ims
23211 brown2/br-h24.naf.ims
24202 brown2/br-j29.naf.ims
25010 brown2/br-j30.naf.ims
23282 brown2/br-j31.naf.ims
25196 brown2/br-j32.naf.ims
26569 brown2/br-j33.naf.ims
24224 brown2/br-j34.naf.ims
24066 brown2/br-j35.naf.ims
24988 brown2/br-j38.naf.ims
25342 brown2/br-j41.naf.ims
24054 brown2/br-j42.naf.ims
26104 brown2/br-l08.naf.ims
26601 brown2/br-l09.naf.ims
25722 brown2/br-l10.naf.ims
25375 brown2/br-l13.naf.ims
25481 brown2/br-l14.naf.ims
24301 brown2/br-l15.naf.ims
25899 brown2/br-l16.naf.ims
24008 brown2/br-l17.naf.ims
25087 brown2/br-l18.naf.ims
25049 brown2/br-n09.naf.ims
24922 brown2/br-n10.naf.ims
25849 brown2/br-n11.naf.ims
26394 brown2/br-n12.naf.ims
25951 brown2/br-n14.naf.ims
25816 brown2/br-n15.naf.ims
24787 brown2/br-n16.naf.ims
25731 brown2/br-n17.naf.ims
25194 brown2/br-n20.naf.ims
25293 brown2/br-p07.naf.ims
23668 brown2/br-p09.naf.ims
24885 brown2/br-p10.naf.ims
25005 brown2/br-p12.naf.ims
26328 brown2/br-p24.naf.ims
24344 brown2/br-r04.naf.ims
20744 brownv/br-a03.naf.ims
20434 brownv/br-a04.naf.ims
20920 brownv/br-a05.naf.ims
21158 brownv/br-a06.naf.ims
20506 brownv/br-a07.naf.ims
20421 brownv/br-a08.naf.ims
19948 brownv/br-a09.naf.ims
21018 brownv/br-a10.naf.ims
19863 brownv/br-a16.naf.ims
18508 brownv/br-a17.naf.ims
17885 brownv/br-a18.naf.ims
20016 brownv/br-a19.naf.ims
20685 brownv/br-a20.naf.ims
19940 brownv/br-a21.naf.ims
20278 brownv/br-a22.naf.ims
19525 brownv/br-a23.naf.ims
20771 brownv/br-a24.naf.ims
20121 brownv/br-a25.naf.ims
20794 brownv/br-a26.naf.ims
20416 brownv/br-a27.naf.ims
20900 brownv/br-a28.naf.ims
20457 brownv/br-a29.naf.ims
20532 brownv/br-a30.naf.ims
19688 brownv/br-a31.naf.ims
20619 brownv/br-a32.naf.ims
20669 brownv/br-a33.naf.ims
20886 brownv/br-a34.naf.ims
21441 brownv/br-a35.naf.ims
20876 brownv/br-a36.naf.ims
20590 brownv/br-a37.naf.ims
21422 brownv/br-a38.naf.ims
21346 brownv/br-a39.naf.ims
21389 brownv/br-a40.naf.ims
20147 brownv/br-a41.naf.ims
20306 brownv/br-a42.naf.ims
21719 brownv/br-a43.naf.ims
22042 brownv/br-a44.naf.ims
20941 brownv/br-b01.naf.ims
21273 brownv/br-b02.naf.ims
21296 brownv/br-b03.naf.ims
21093 brownv/br-b04.naf.ims
21211 brownv/br-b05.naf.ims
21180 brownv/br-b06.naf.ims
20785 brownv/br-b07.naf.ims
23080 brownv/br-b08.naf.ims
22477 brownv/br-b09.naf.ims
22715 brownv/br-b10.naf.ims
19966 brownv/br-b11.naf.ims
19939 brownv/br-b12.naf.ims
21346 brownv/br-b14.naf.ims
21514 brownv/br-b15.naf.ims
20037 brownv/br-b16.naf.ims
20908 brownv/br-b17.naf.ims
19762 brownv/br-b18.naf.ims
20120 brownv/br-b19.naf.ims
20667 brownv/br-b21.naf.ims
21814 brownv/br-b22.naf.ims
21489 brownv/br-b23.naf.ims
20274 brownv/br-b24.naf.ims
21016 brownv/br-b25.naf.ims
20275 brownv/br-b26.naf.ims
20793 brownv/br-b27.naf.ims
21899 brownv/br-c03.naf.ims
21322 brownv/br-c05.naf.ims
22320 brownv/br-c06.naf.ims
21502 brownv/br-c07.naf.ims
21683 brownv/br-c08.naf.ims
20962 brownv/br-c09.naf.ims
22044 brownv/br-c10.naf.ims
21713 brownv/br-c11.naf.ims
21467 brownv/br-c12.naf.ims
21689 brownv/br-c13.naf.ims
22942 brownv/br-c14.naf.ims
21116 brownv/br-c15.naf.ims
21831 brownv/br-c16.naf.ims
20949 brownv/br-c17.naf.ims
21757 brownv/br-d05.naf.ims
21376 brownv/br-d06.naf.ims
22265 brownv/br-d07.naf.ims
20179 brownv/br-d08.naf.ims
21618 brownv/br-d09.naf.ims
21335 brownv/br-d10.naf.ims
21682 brownv/br-d11.naf.ims
20934 brownv/br-d12.naf.ims
21571 brownv/br-d13.naf.ims
20242 brownv/br-d14.naf.ims
20951 brownv/br-d15.naf.ims
19056 brownv/br-d16.naf.ims
22201 brownv/br-d17.naf.ims
22000 brownv/br-e03.naf.ims
21200 brownv/br-e05.naf.ims
21427 brownv/br-e06.naf.ims
24628 brownv/br-e07.naf.ims
21878 brownv/br-e08.naf.ims
21069 brownv/br-e09.naf.ims
24390 brownv/br-e10.naf.ims
20431 brownv/br-e11.naf.ims
20144 brownv/br-e12.naf.ims
19553 brownv/br-e13.naf.ims
22140 brownv/br-e14.naf.ims
24950 brownv/br-e15.naf.ims
22436 brownv/br-e16.naf.ims
23144 brownv/br-e17.naf.ims
20492 brownv/br-e18.naf.ims
21978 brownv/br-e19.naf.ims
22796 brownv/br-e20.naf.ims
21469 brownv/br-f01.naf.ims
21855 brownv/br-f02.naf.ims
21450 brownv/br-f04.naf.ims
21595 brownv/br-f05.naf.ims
23830 brownv/br-f06.naf.ims
21892 brownv/br-f07.naf.ims
21961 brownv/br-f09.naf.ims
22245 brownv/br-f11.naf.ims
23053 brownv/br-f12.naf.ims
21373 brownv/br-g02.naf.ims
22226 brownv/br-g03.naf.ims
23574 brownv/br-g04.naf.ims
21229 brownv/br-g05.naf.ims
21256 brownv/br-g06.naf.ims
20371 brownv/br-g07.naf.ims
20757 brownv/br-g08.naf.ims
22091 brownv/br-g09.naf.ims
21523 brownv/br-g10.naf.ims
20998 brownv/br-g13.naf.ims
22189 brownv/br-h02.naf.ims
19912 brownv/br-h03.naf.ims
21914 brownv/br-h04.naf.ims
20164 brownv/br-h05.naf.ims
21252 brownv/br-h06.naf.ims
20654 brownv/br-h07.naf.ims
19322 brownv/br-h08.naf.ims
19000 brownv/br-h10.naf.ims
23880 brownv/br-j21.naf.ims
20936 brownv/br-j24.naf.ims
20327 brownv/br-j25.naf.ims
20747 brownv/br-j26.naf.ims
21409 brownv/br-j27.naf.ims
22876 brownv/br-j28.naf.ims
22835 brownv/br-l01.naf.ims
23839 brownv/br-l02.naf.ims
23725 brownv/br-l03.naf.ims
22242 brownv/br-l04.naf.ims
22812 brownv/br-l05.naf.ims
23260 brownv/br-l06.naf.ims
22772 brownv/br-l07.naf.ims
23438 brownv/br-m03.naf.ims
22972 brownv/br-m04.naf.ims
22084 brownv/br-m05.naf.ims
23653 brownv/br-m06.naf.ims
24200 brownv/br-n01.naf.ims
23801 brownv/br-n02.naf.ims
23246 brownv/br-n03.naf.ims
23822 brownv/br-n04.naf.ims
22256 brownv/br-n06.naf.ims
23639 brownv/br-n07.naf.ims
21910 brownv/br-n08.naf.ims
23351 brownv/br-p02.naf.ims
23483 brownv/br-p03.naf.ims
24481 brownv/br-p04.naf.ims
22297 brownv/br-p05.naf.ims
24100 brownv/br-p06.naf.ims
22702 brownv/br-p08.naf.ims
21764 brownv/br-r01.naf.ims
22590 brownv/br-r02.naf.ims
22634 brownv/br-r03.naf.ims
