STARTING Thu May 28 17:16:39 CEST 2015
Running brown1/br-a01.naf
  Done with 
Running brown1/br-a02.naf
  Done with 
Running brown1/br-a11.naf
  Done with 
Running brown1/br-a12.naf
  Done with 
Running brown1/br-a13.naf
  Done with 
Running brown1/br-a14.naf
  Done with 
Running brown1/br-a15.naf
  Done with 
Running brown1/br-b13.naf
  Done with 
Running brown1/br-b20.naf
  Done with 
Running brown1/br-c01.naf
  Done with 
Running brown1/br-c02.naf
  Done with 
Running brown1/br-c04.naf
  Done with 
Running brown1/br-d01.naf
  Done with 
Running brown1/br-d02.naf
  Done with 
Running brown1/br-d03.naf
  Done with 
Running brown1/br-d04.naf
  Done with 
Running brown1/br-e01.naf
  Done with 
Running brown1/br-e02.naf
  Done with 
Running brown1/br-e04.naf
  Done with 
Running brown1/br-e21.naf
  Done with 
Running brown1/br-e24.naf
  Done with 
Running brown1/br-e29.naf
  Done with 
Running brown1/br-f03.naf
  Done with 
Running brown1/br-f10.naf
  Done with 
Running brown1/br-f19.naf
  Done with 
Running brown1/br-f43.naf
  Done with 
Running brown1/br-g01.naf
  Done with 
Running brown1/br-g11.naf
  Done with 
Running brown1/br-g15.naf
  Done with 
Running brown1/br-h01.naf
  Done with 
Running brown1/br-j01.naf
  Done with 
Running brown1/br-j02.naf
  Done with 
Running brown1/br-j03.naf
  Done with 
Running brown1/br-j04.naf
  Done with 
Running brown1/br-j05.naf
  Done with 
Running brown1/br-j06.naf
  Done with 
Running brown1/br-j07.naf
  Done with 
Running brown1/br-j08.naf
  Done with 
Running brown1/br-j09.naf
  Done with 
Running brown1/br-j10.naf
  Done with 
Running brown1/br-j11.naf
  Done with 
Running brown1/br-j12.naf
  Done with 
Running brown1/br-j13.naf
  Done with 
Running brown1/br-j14.naf
  Done with 
Running brown1/br-j15.naf
  Done with 
Running brown1/br-j16.naf
  Done with 
Running brown1/br-j17.naf
  Done with 
Running brown1/br-j18.naf
  Done with 
Running brown1/br-j19.naf
  Done with 
Running brown1/br-j20.naf
  Done with 
Running brown1/br-j22.naf
  Done with 
Running brown1/br-j23.naf
  Done with 
Running brown1/br-j37.naf
  Done with 
Running brown1/br-j52.naf
  Done with 
Running brown1/br-j53.naf
  Done with 
Running brown1/br-j54.naf
  Done with 
Running brown1/br-j55.naf
  Done with 
Running brown1/br-j56.naf
  Done with 
Running brown1/br-j57.naf
  Done with 
Running brown1/br-j58.naf
  Done with 
Running brown1/br-j59.naf
  Done with 
Running brown1/br-j60.naf
  Done with 
Running brown1/br-j70.naf
  Done with 
Running brown1/br-k01.naf
  Done with 
Running brown1/br-k02.naf
  Done with 
Running brown1/br-k03.naf
  Done with 
Running brown1/br-k04.naf
  Done with 
Running brown1/br-k05.naf
  Done with 
Running brown1/br-k06.naf
  Done with 
Running brown1/br-k07.naf
  Done with 
Running brown1/br-k08.naf
  Done with 
Running brown1/br-k09.naf
  Done with 
Running brown1/br-k10.naf
  Done with 
Running brown1/br-k11.naf
  Done with 
Running brown1/br-k12.naf
  Done with 
Running brown1/br-k13.naf
  Done with 
Running brown1/br-k14.naf
  Done with 
Running brown1/br-k15.naf
  Done with 
Running brown1/br-k16.naf
  Done with 
Running brown1/br-k17.naf
  Done with 
Running brown1/br-k18.naf
  Done with 
Running brown1/br-k19.naf
  Done with 
Running brown1/br-k20.naf
  Done with 
Running brown1/br-k21.naf
  Done with 
Running brown1/br-k22.naf
  Done with 
Running brown1/br-k23.naf
  Done with 
Running brown1/br-k24.naf
  Done with 
Running brown1/br-k25.naf
  Done with 
Running brown1/br-k26.naf
  Done with 
Running brown1/br-k27.naf
  Done with 
Running brown1/br-k28.naf
  Done with 
Running brown1/br-k29.naf
  Done with 
Running brown1/br-l11.naf
  Done with 
Running brown1/br-l12.naf
  Done with 
Running brown1/br-m01.naf
  Done with 
Running brown1/br-m02.naf
  Done with 
Running brown1/br-n05.naf
  Done with 
Running brown1/br-p01.naf
  Done with 
Running brown1/br-r05.naf
  Done with 
Running brown1/br-r06.naf
  Done with 
Running brown1/br-r07.naf
  Done with 
Running brown1/br-r08.naf
  Done with 
Running brown1/br-r09.naf
  Done with 
Running brown2/br-e22.naf
  Done with 
Running brown2/br-e23.naf
  Done with 
Running brown2/br-e25.naf
  Done with 
Running brown2/br-e26.naf
  Done with 
Running brown2/br-e27.naf
  Done with 
Running brown2/br-e28.naf
  Done with 
Running brown2/br-e30.naf
  Done with 
Running brown2/br-e31.naf
  Done with 
Running brown2/br-f08.naf
  Done with 
Running brown2/br-f13.naf
  Done with 
Running brown2/br-f14.naf
  Done with 
Running brown2/br-f15.naf
  Done with 
Running brown2/br-f16.naf
  Done with 
Running brown2/br-f17.naf
  Done with 
Running brown2/br-f18.naf
  Done with 
Running brown2/br-f20.naf
  Done with 
Running brown2/br-f21.naf
  Done with 
Running brown2/br-f22.naf
  Done with 
Running brown2/br-f23.naf
  Done with 
Running brown2/br-f24.naf
  Done with 
Running brown2/br-f25.naf
  Done with 
Running brown2/br-f33.naf
  Done with 
Running brown2/br-f44.naf
  Done with 
Running brown2/br-g12.naf
  Done with 
Running brown2/br-g14.naf
  Done with 
Running brown2/br-g16.naf
  Done with 
Running brown2/br-g17.naf
  Done with 
Running brown2/br-g18.naf
  Done with 
Running brown2/br-g19.naf
  Done with 
Running brown2/br-g20.naf
  Done with 
Running brown2/br-g21.naf
  Done with 
Running brown2/br-g22.naf
  Done with 
Running brown2/br-g23.naf
  Done with 
Running brown2/br-g28.naf
  Done with 
Running brown2/br-g31.naf
  Done with 
Running brown2/br-g39.naf
  Done with 
Running brown2/br-g43.naf
  Done with 
Running brown2/br-g44.naf
  Done with 
Running brown2/br-h09.naf
  Done with 
Running brown2/br-h11.naf
  Done with 
Running brown2/br-h12.naf
  Done with 
Running brown2/br-h13.naf
  Done with 
Running brown2/br-h14.naf
  Done with 
Running brown2/br-h15.naf
  Done with 
Running brown2/br-h16.naf
  Done with 
Running brown2/br-h17.naf
  Done with 
Running brown2/br-h18.naf
  Done with 
Running brown2/br-h21.naf
  Done with 
Running brown2/br-h24.naf
  Done with 
Running brown2/br-j29.naf
  Done with 
Running brown2/br-j30.naf
  Done with 
Running brown2/br-j31.naf
  Done with 
Running brown2/br-j32.naf
  Done with 
Running brown2/br-j33.naf
  Done with 
Running brown2/br-j34.naf
  Done with 
Running brown2/br-j35.naf
  Done with 
Running brown2/br-j38.naf
  Done with 
Running brown2/br-j41.naf
  Done with 
Running brown2/br-j42.naf
  Done with 
Running brown2/br-l08.naf
  Done with 
Running brown2/br-l09.naf
  Done with 
Running brown2/br-l10.naf
  Done with 
Running brown2/br-l13.naf
  Done with 
Running brown2/br-l14.naf
  Done with 
Running brown2/br-l15.naf
  Done with 
Running brown2/br-l16.naf
  Done with 
Running brown2/br-l17.naf
  Done with 
Running brown2/br-l18.naf
  Done with 
Running brown2/br-n09.naf
  Done with 
Running brown2/br-n10.naf
  Done with 
Running brown2/br-n11.naf
  Done with 
Running brown2/br-n12.naf
  Done with 
Running brown2/br-n14.naf
  Done with 
Running brown2/br-n15.naf
  Done with 
Running brown2/br-n16.naf
  Done with 
Running brown2/br-n17.naf
  Done with 
Running brown2/br-n20.naf
  Done with 
Running brown2/br-p07.naf
  Done with 
Running brown2/br-p09.naf
  Done with 
Running brown2/br-p10.naf
  Done with 
Running brown2/br-p12.naf
  Done with 
Running brown2/br-p24.naf
  Done with 
Running brown2/br-r04.naf
  Done with 
Running brownv/br-a03.naf
  Done with 
Running brownv/br-a04.naf
  Done with 
Running brownv/br-a05.naf
  Done with 
Running brownv/br-a06.naf
  Done with 
Running brownv/br-a07.naf
  Done with 
Running brownv/br-a08.naf
  Done with 
Running brownv/br-a09.naf
  Done with 
Running brownv/br-a10.naf
  Done with 
Running brownv/br-a16.naf
  Done with 
Running brownv/br-a17.naf
  Done with 
Running brownv/br-a18.naf
  Done with 
Running brownv/br-a19.naf
  Done with 
Running brownv/br-a20.naf
  Done with 
Running brownv/br-a21.naf
  Done with 
Running brownv/br-a22.naf
  Done with 
Running brownv/br-a23.naf
  Done with 
Running brownv/br-a24.naf
  Done with 
Running brownv/br-a25.naf
  Done with 
Running brownv/br-a26.naf
  Done with 
Running brownv/br-a27.naf
  Done with 
Running brownv/br-a28.naf
  Done with 
Running brownv/br-a29.naf
  Done with 
Running brownv/br-a30.naf
  Done with 
Running brownv/br-a31.naf
  Done with 
Running brownv/br-a32.naf
  Done with 
Running brownv/br-a33.naf
  Done with 
Running brownv/br-a34.naf
  Done with 
Running brownv/br-a35.naf
  Done with 
Running brownv/br-a36.naf
  Done with 
Running brownv/br-a37.naf
  Done with 
Running brownv/br-a38.naf
  Done with 
Running brownv/br-a39.naf
  Done with 
Running brownv/br-a40.naf
  Done with 
Running brownv/br-a41.naf
  Done with 
Running brownv/br-a42.naf
  Done with 
Running brownv/br-a43.naf
  Done with 
Running brownv/br-a44.naf
  Done with 
Running brownv/br-b01.naf
  Done with 
Running brownv/br-b02.naf
  Done with 
Running brownv/br-b03.naf
  Done with 
Running brownv/br-b04.naf
  Done with 
Running brownv/br-b05.naf
  Done with 
Running brownv/br-b06.naf
  Done with 
Running brownv/br-b07.naf
  Done with 
Running brownv/br-b08.naf
  Done with 
Running brownv/br-b09.naf
  Done with 
Running brownv/br-b10.naf
  Done with 
Running brownv/br-b11.naf
  Done with 
Running brownv/br-b12.naf
  Done with 
Running brownv/br-b14.naf
  Done with 
Running brownv/br-b15.naf
  Done with 
Running brownv/br-b16.naf
  Done with 
Running brownv/br-b17.naf
  Done with 
Running brownv/br-b18.naf
  Done with 
Running brownv/br-b19.naf
  Done with 
Running brownv/br-b21.naf
  Done with 
Running brownv/br-b22.naf
  Done with 
Running brownv/br-b23.naf
  Done with 
Running brownv/br-b24.naf
  Done with 
Running brownv/br-b25.naf
  Done with 
Running brownv/br-b26.naf
  Done with 
Running brownv/br-b27.naf
  Done with 
Running brownv/br-c03.naf
  Done with 
Running brownv/br-c05.naf
  Done with 
Running brownv/br-c06.naf
  Done with 
Running brownv/br-c07.naf
  Done with 
Running brownv/br-c08.naf
  Done with 
Running brownv/br-c09.naf
  Done with 
Running brownv/br-c10.naf
  Done with 
Running brownv/br-c11.naf
  Done with 
Running brownv/br-c12.naf
  Done with 
Running brownv/br-c13.naf
  Done with 
Running brownv/br-c14.naf
  Done with 
Running brownv/br-c15.naf
  Done with 
Running brownv/br-c16.naf
  Done with 
Running brownv/br-c17.naf
  Done with 
Running brownv/br-d05.naf
  Done with 
Running brownv/br-d06.naf
  Done with 
Running brownv/br-d07.naf
  Done with 
Running brownv/br-d08.naf
  Done with 
Running brownv/br-d09.naf
  Done with 
Running brownv/br-d10.naf
  Done with 
Running brownv/br-d11.naf
  Done with 
Running brownv/br-d12.naf
  Done with 
Running brownv/br-d13.naf
  Done with 
Running brownv/br-d14.naf
  Done with 
Running brownv/br-d15.naf
  Done with 
Running brownv/br-d16.naf
  Done with 
Running brownv/br-d17.naf
  Done with 
Running brownv/br-e03.naf
  Done with 
Running brownv/br-e05.naf
  Done with 
Running brownv/br-e06.naf
  Done with 
Running brownv/br-e07.naf
  Done with 
Running brownv/br-e08.naf
  Done with 
Running brownv/br-e09.naf
  Done with 
Running brownv/br-e10.naf
  Done with 
Running brownv/br-e11.naf
  Done with 
Running brownv/br-e12.naf
  Done with 
Running brownv/br-e13.naf
  Done with 
Running brownv/br-e14.naf
  Done with 
Running brownv/br-e15.naf
  Done with 
Running brownv/br-e16.naf
  Done with 
Running brownv/br-e17.naf
  Done with 
Running brownv/br-e18.naf
  Done with 
Running brownv/br-e19.naf
  Done with 
Running brownv/br-e20.naf
  Done with 
Running brownv/br-f01.naf
  Done with 
Running brownv/br-f02.naf
  Done with 
Running brownv/br-f04.naf
  Done with 
Running brownv/br-f05.naf
  Done with 
Running brownv/br-f06.naf
  Done with 
Running brownv/br-f07.naf
  Done with 
Running brownv/br-f09.naf
  Done with 
Running brownv/br-f11.naf
  Done with 
Running brownv/br-f12.naf
  Done with 
Running brownv/br-g02.naf
  Done with 
Running brownv/br-g03.naf
  Done with 
Running brownv/br-g04.naf
  Done with 
Running brownv/br-g05.naf
  Done with 
Running brownv/br-g06.naf
  Done with 
Running brownv/br-g07.naf
  Done with 
Running brownv/br-g08.naf
  Done with 
Running brownv/br-g09.naf
  Done with 
Running brownv/br-g10.naf
  Done with 
Running brownv/br-g13.naf
  Done with 
Running brownv/br-h02.naf
  Done with 
Running brownv/br-h03.naf
  Done with 
Running brownv/br-h04.naf
  Done with 
Running brownv/br-h05.naf
  Done with 
Running brownv/br-h06.naf
  Done with 
Running brownv/br-h07.naf
  Done with 
Running brownv/br-h08.naf
  Done with 
Running brownv/br-h10.naf
  Done with 
Running brownv/br-j21.naf
  Done with 
Running brownv/br-j24.naf
  Done with 
Running brownv/br-j25.naf
  Done with 
Running brownv/br-j26.naf
  Done with 
Running brownv/br-j27.naf
  Done with 
Running brownv/br-j28.naf
  Done with 
Running brownv/br-l01.naf
  Done with 
Running brownv/br-l02.naf
  Done with 
Running brownv/br-l03.naf
  Done with 
Running brownv/br-l04.naf
  Done with 
Running brownv/br-l05.naf
  Done with 
Running brownv/br-l06.naf
  Done with 
Running brownv/br-l07.naf
  Done with 
Running brownv/br-m03.naf
  Done with 
Running brownv/br-m04.naf
  Done with 
Running brownv/br-m05.naf
  Done with 
Running brownv/br-m06.naf
  Done with 
Running brownv/br-n01.naf
  Done with 
Running brownv/br-n02.naf
  Done with 
Running brownv/br-n03.naf
  Done with 
Running brownv/br-n04.naf
  Done with 
Running brownv/br-n06.naf
  Done with 
Running brownv/br-n07.naf
  Done with 
Running brownv/br-n08.naf
  Done with 
Running brownv/br-p02.naf
  Done with 
Running brownv/br-p03.naf
  Done with 
Running brownv/br-p04.naf
  Done with 
Running brownv/br-p05.naf
  Done with 
Running brownv/br-p06.naf
  Done with 
Running brownv/br-p08.naf
  Done with 
Running brownv/br-r01.naf
  Done with 
Running brownv/br-r02.naf
  Done with 
Running brownv/br-r03.naf
  Done with 
ALL DONE Sat May 30 01:57:00 CEST 2015
